# JRE version: OpenJDK Runtime Environment (8.0_242-b01) (build 1.8.0_242-release-1644-b01)
# Java VM: OpenJDK 64-Bit Server VM (25.242-b01 mixed mode windows-amd64 compressed oops)
Heap:
 PSYoungGen      total 224768K, used 181979K [0x00000000d5580000, 0x00000000e5480000, 0x0000000100000000)
  eden space 205312K, 79% used [0x00000000d5580000,0x00000000df436cc0,0x00000000e1e00000)
  from space 19456K, 99% used [0x00000000e1e00000,0x00000000e30fff88,0x00000000e3100000)
  to   space 19968K, 0% used [0x00000000e3100000,0x00000000e3100000,0x00000000e4480000)
 ParOldGen       total 121856K, used 51130K [0x0000000080000000, 0x0000000087700000, 0x00000000d5580000)
  object space 121856K, 41% used [0x0000000080000000,0x00000000831ee8d8,0x0000000087700000)
 Metaspace       used 68353K, capacity 71618K, committed 71832K, reserved 1112064K
  class space    used 9272K, capacity 9892K, committed 9904K, reserved 1048576K
GC Heap History (10 events):
Event: 7.790 GC heap before
{Heap before GC invocations=12 (full 2):
 PSYoungGen      total 137216K, used 125952K [0x00000000d5580000, 0x00000000e1500000, 0x0000000100000000)
  eden space 125952K, 100% used [0x00000000d5580000,0x00000000dd080000,0x00000000dd080000)
  from space 11264K, 0% used [0x00000000dd080000,0x00000000dd080000,0x00000000ddb80000)
  to   space 12800K, 0% used [0x00000000e0880000,0x00000000e0880000,0x00000000e1500000)
 ParOldGen       total 77824K, used 17333K [0x0000000080000000, 0x0000000084c00000, 0x00000000d5580000)
  object space 77824K, 22% used [0x0000000080000000,0x00000000810ed680,0x0000000084c00000)
 Metaspace       used 39950K, capacity 41618K, committed 41768K, reserved 1085440K
  class space    used 5500K, capacity 5832K, committed 5936K, reserved 1048576K
Event: 7.806 GC heap after
Heap after GC invocations=12 (full 2):
 PSYoungGen      total 172544K, used 10110K [0x00000000d5580000, 0x00000000e1280000, 0x0000000100000000)
  eden space 162304K, 0% used [0x00000000d5580000,0x00000000d5580000,0x00000000df400000)
  from space 10240K, 98% used [0x00000000e0880000,0x00000000e125f9d0,0x00000000e1280000)
  to   space 13312K, 0% used [0x00000000df880000,0x00000000df880000,0x00000000e0580000)
 ParOldGen       total 77824K, used 17341K [0x0000000080000000, 0x0000000084c00000, 0x00000000d5580000)
  object space 77824K, 22% used [0x0000000080000000,0x00000000810ef680,0x0000000084c00000)
 Metaspace       used 39950K, capacity 41618K, committed 41768K, reserved 1085440K
  class space    used 5500K, capacity 5832K, committed 5936K, reserved 1048576K
}
Event: 10.498 GC heap before
{Heap before GC invocations=13 (full 2):
 PSYoungGen      total 172544K, used 172414K [0x00000000d5580000, 0x00000000e1280000, 0x0000000100000000)
  eden space 162304K, 100% used [0x00000000d5580000,0x00000000df400000,0x00000000df400000)
  from space 10240K, 98% used [0x00000000e0880000,0x00000000e125f9d0,0x00000000e1280000)
  to   space 13312K, 0% used [0x00000000df880000,0x00000000df880000,0x00000000e0580000)
 ParOldGen       total 77824K, used 17341K [0x0000000080000000, 0x0000000084c00000, 0x00000000d5580000)
  object space 77824K, 22% used [0x0000000080000000,0x00000000810ef680,0x0000000084c00000)
 Metaspace       used 55259K, capacity 57484K, committed 57640K, reserved 1099776K
  class space    used 7516K, capacity 7971K, committed 7984K, reserved 1048576K
Event: 10.527 GC heap after
Heap after GC invocations=13 (full 2):
 PSYoungGen      total 180224K, used 13308K [0x00000000d5580000, 0x00000000e4480000, 0x0000000100000000)
  eden space 166912K, 0% used [0x00000000d5580000,0x00000000d5580000,0x00000000df880000)
  from space 13312K, 99% used [0x00000000df880000,0x00000000e057f320,0x00000000e0580000)
  to   space 19968K, 0% used [0x00000000e3100000,0x00000000e3100000,0x00000000e4480000)
 ParOldGen       total 77824K, used 30098K [0x0000000080000000, 0x0000000084c00000, 0x00000000d5580000)
  object space 77824K, 38% used [0x0000000080000000,0x0000000081d64bb0,0x0000000084c00000)
 Metaspace       used 55259K, capacity 57484K, committed 57640K, reserved 1099776K
  class space    used 7516K, capacity 7971K, committed 7984K, reserved 1048576K
}
Event: 10.891 GC heap before
{Heap before GC invocations=14 (full 2):
 PSYoungGen      total 180224K, used 36915K [0x00000000d5580000, 0x00000000e4480000, 0x0000000100000000)
  eden space 166912K, 14% used [0x00000000d5580000,0x00000000d6c8d938,0x00000000df880000)
  from space 13312K, 99% used [0x00000000df880000,0x00000000e057f320,0x00000000e0580000)
  to   space 19968K, 0% used [0x00000000e3100000,0x00000000e3100000,0x00000000e4480000)
 ParOldGen       total 77824K, used 30098K [0x0000000080000000, 0x0000000084c00000, 0x00000000d5580000)
  object space 77824K, 38% used [0x0000000080000000,0x0000000081d64bb0,0x0000000084c00000)
 Metaspace       used 56887K, capacity 59124K, committed 59160K, reserved 1099776K
  class space    used 7776K, capacity 8223K, committed 8240K, reserved 1048576K
Event: 10.928 GC heap after
Heap after GC invocations=14 (full 2):
 PSYoungGen      total 225280K, used 11235K [0x00000000d5580000, 0x00000000e5480000, 0x0000000100000000)
  eden space 205312K, 0% used [0x00000000d5580000,0x00000000d5580000,0x00000000e1e00000)
  from space 19968K, 56% used [0x00000000e3100000,0x00000000e3bf8d28,0x00000000e4480000)
  to   space 19456K, 0% used [0x00000000e1e00000,0x00000000e1e00000,0x00000000e3100000)
 ParOldGen       total 77824K, used 34378K [0x0000000080000000, 0x0000000084c00000, 0x00000000d5580000)
  object space 77824K, 44% used [0x0000000080000000,0x0000000082192b10,0x0000000084c00000)
 Metaspace       used 56887K, capacity 59124K, committed 59160K, reserved 1099776K
  class space    used 7776K, capacity 8223K, committed 8240K, reserved 1048576K
}
Event: 10.928 GC heap before
{Heap before GC invocations=15 (full 3):
 PSYoungGen      total 225280K, used 11235K [0x00000000d5580000, 0x00000000e5480000, 0x0000000100000000)
  eden space 205312K, 0% used [0x00000000d5580000,0x00000000d5580000,0x00000000e1e00000)
  from space 19968K, 56% used [0x00000000e3100000,0x00000000e3bf8d28,0x00000000e4480000)
  to   space 19456K, 0% used [0x00000000e1e00000,0x00000000e1e00000,0x00000000e3100000)
 ParOldGen       total 77824K, used 34378K [0x0000000080000000, 0x0000000084c00000, 0x00000000d5580000)
  object space 77824K, 44% used [0x0000000080000000,0x0000000082192b10,0x0000000084c00000)
 Metaspace       used 56887K, capacity 59124K, committed 59160K, reserved 1099776K
  class space    used 7776K, capacity 8223K, committed 8240K, reserved 1048576K
Event: 11.201 GC heap after
Heap after GC invocations=15 (full 3):
 PSYoungGen      total 225280K, used 0K [0x00000000d5580000, 0x00000000e5480000, 0x0000000100000000)
  eden space 205312K, 0% used [0x00000000d5580000,0x00000000d5580000,0x00000000e1e00000)
  from space 19968K, 0% used [0x00000000e3100000,0x00000000e3100000,0x00000000e4480000)
  to   space 19456K, 0% used [0x00000000e1e00000,0x00000000e1e00000,0x00000000e3100000)
 ParOldGen       total 121856K, used 39893K [0x0000000080000000, 0x0000000087700000, 0x00000000d5580000)
  object space 121856K, 32% used [0x0000000080000000,0x00000000826f5540,0x0000000087700000)
 Metaspace       used 56877K, capacity 59088K, committed 59160K, reserved 1099776K
  class space    used 7773K, capacity 8217K, committed 8240K, reserved 1048576K
}
Event: 15.439 GC heap before
{Heap before GC invocations=16 (full 3):
 PSYoungGen      total 225280K, used 205312K [0x00000000d5580000, 0x00000000e5480000, 0x0000000100000000)
  eden space 205312K, 100% used [0x00000000d5580000,0x00000000e1e00000,0x00000000e1e00000)
  from space 19968K, 0% used [0x00000000e3100000,0x00000000e3100000,0x00000000e4480000)
  to   space 19456K, 0% used [0x00000000e1e00000,0x00000000e1e00000,0x00000000e3100000)
 ParOldGen       total 121856K, used 39893K [0x0000000080000000, 0x0000000087700000, 0x00000000d5580000)
  object space 121856K, 32% used [0x0000000080000000,0x00000000826f5540,0x0000000087700000)
 Metaspace       used 64737K, capacity 67744K, committed 67864K, reserved 1107968K
  class space    used 8903K, capacity 9447K, committed 9520K, reserved 1048576K
Event: 15.484 GC heap after
Heap after GC invocations=16 (full 3):
 PSYoungGen      total 224768K, used 19455K [0x00000000d5580000, 0x00000000e5480000, 0x0000000100000000)
  eden space 205312K, 0% used [0x00000000d5580000,0x00000000d5580000,0x00000000e1e00000)
  from space 19456K, 99% used [0x00000000e1e00000,0x00000000e30fff88,0x00000000e3100000)
  to   space 19968K, 0% used [0x00000000e3100000,0x00000000e3100000,0x00000000e4480000)
 ParOldGen       total 121856K, used 51130K [0x0000000080000000, 0x0000000087700000, 0x00000000d5580000)
  object space 121856K, 41% used [0x0000000080000000,0x00000000831ee8d8,0x0000000087700000)
 Metaspace       used 64737K, capacity 67744K, committed 67864K, reserved 1107968K
  class space    used 8903K, capacity 9447K, committed 9520K, reserved 1048576K
}

