# JRE version: OpenJDK Runtime Environment (8.0_242-b01) (build 1.8.0_242-release-1644-b01)
# Java VM: OpenJDK 64-Bit Server VM (25.242-b01 mixed mode windows-amd64 compressed oops)
Heap:
 PSYoungGen      total 527872K, used 384368K [0x00000000d5580000, 0x00000000f8d00000, 0x0000000100000000)
  eden space 478208K, 71% used [0x00000000d5580000,0x00000000ea3bf2f0,0x00000000f2880000)
  from space 49664K, 84% used [0x00000000f2880000,0x00000000f519cfc0,0x00000000f5900000)
  to   space 48640K, 0% used [0x00000000f5900000,0x00000000f5900000,0x00000000f8880000)
 ParOldGen       total 237568K, used 106097K [0x0000000080000000, 0x000000008e800000, 0x00000000d5580000)
  object space 237568K, 44% used [0x0000000080000000,0x000000008679c580,0x000000008e800000)
 Metaspace       used 88344K, capacity 92828K, committed 93720K, reserved 1130496K
  class space    used 11817K, capacity 12658K, committed 12848K, reserved 1048576K
GC Heap History (10 events):
Event: 41.453 GC heap before
{Heap before GC invocations=23 (full 4):
 PSYoungGen      total 395264K, used 341504K [0x00000000d5580000, 0x00000000f0b80000, 0x0000000100000000)
  eden space 341504K, 100% used [0x00000000d5580000,0x00000000ea300000,0x00000000ea300000)
  from space 53760K, 0% used [0x00000000ed700000,0x00000000ed700000,0x00000000f0b80000)
  to   space 53248K, 0% used [0x00000000ea300000,0x00000000ea300000,0x00000000ed700000)
 ParOldGen       total 237568K, used 106081K [0x0000000080000000, 0x000000008e800000, 0x00000000d5580000)
  object space 237568K, 44% used [0x0000000080000000,0x0000000086798580,0x000000008e800000)
 Metaspace       used 88007K, capacity 92518K, committed 93464K, reserved 1130496K
  class space    used 11802K, capacity 12653K, committed 12848K, reserved 1048576K
Event: 41.482 GC heap after
Heap after GC invocations=23 (full 4):
 PSYoungGen      total 394752K, used 16873K [0x00000000d5580000, 0x00000000f4280000, 0x0000000100000000)
  eden space 341504K, 0% used [0x00000000d5580000,0x00000000d5580000,0x00000000ea300000)
  from space 53248K, 31% used [0x00000000ea300000,0x00000000eb37a570,0x00000000ed700000)
  to   space 50688K, 0% used [0x00000000f1100000,0x00000000f1100000,0x00000000f4280000)
 ParOldGen       total 237568K, used 106081K [0x0000000080000000, 0x000000008e800000, 0x00000000d5580000)
  object space 237568K, 44% used [0x0000000080000000,0x0000000086798580,0x000000008e800000)
 Metaspace       used 88007K, capacity 92518K, committed 93464K, reserved 1130496K
  class space    used 11802K, capacity 12653K, committed 12848K, reserved 1048576K
}
Event: 42.923 GC heap before
{Heap before GC invocations=24 (full 4):
 PSYoungGen      total 394752K, used 358377K [0x00000000d5580000, 0x00000000f4280000, 0x0000000100000000)
  eden space 341504K, 100% used [0x00000000d5580000,0x00000000ea300000,0x00000000ea300000)
  from space 53248K, 31% used [0x00000000ea300000,0x00000000eb37a570,0x00000000ed700000)
  to   space 50688K, 0% used [0x00000000f1100000,0x00000000f1100000,0x00000000f4280000)
 ParOldGen       total 237568K, used 106081K [0x0000000080000000, 0x000000008e800000, 0x00000000d5580000)
  object space 237568K, 44% used [0x0000000080000000,0x0000000086798580,0x000000008e800000)
 Metaspace       used 88097K, capacity 92604K, committed 93464K, reserved 1130496K
  class space    used 11815K, capacity 12656K, committed 12848K, reserved 1048576K
Event: 42.984 GC heap after
Heap after GC invocations=24 (full 4):
 PSYoungGen      total 455168K, used 23729K [0x00000000d5580000, 0x00000000f4200000, 0x0000000100000000)
  eden space 404992K, 0% used [0x00000000d5580000,0x00000000d5580000,0x00000000ee100000)
  from space 50176K, 47% used [0x00000000f1100000,0x00000000f282c718,0x00000000f4200000)
  to   space 49152K, 0% used [0x00000000ee100000,0x00000000ee100000,0x00000000f1100000)
 ParOldGen       total 237568K, used 106081K [0x0000000080000000, 0x000000008e800000, 0x00000000d5580000)
  object space 237568K, 44% used [0x0000000080000000,0x0000000086798580,0x000000008e800000)
 Metaspace       used 88097K, capacity 92604K, committed 93464K, reserved 1130496K
  class space    used 11815K, capacity 12656K, committed 12848K, reserved 1048576K
}
Event: 45.143 GC heap before
{Heap before GC invocations=25 (full 4):
 PSYoungGen      total 455168K, used 428721K [0x00000000d5580000, 0x00000000f4200000, 0x0000000100000000)
  eden space 404992K, 100% used [0x00000000d5580000,0x00000000ee100000,0x00000000ee100000)
  from space 50176K, 47% used [0x00000000f1100000,0x00000000f282c718,0x00000000f4200000)
  to   space 49152K, 0% used [0x00000000ee100000,0x00000000ee100000,0x00000000f1100000)
 ParOldGen       total 237568K, used 106081K [0x0000000080000000, 0x000000008e800000, 0x00000000d5580000)
  object space 237568K, 44% used [0x0000000080000000,0x0000000086798580,0x000000008e800000)
 Metaspace       used 88144K, capacity 92674K, committed 93464K, reserved 1130496K
  class space    used 11816K, capacity 12657K, committed 12848K, reserved 1048576K
Event: 45.199 GC heap after
Heap after GC invocations=25 (full 4):
 PSYoungGen      total 454144K, used 27483K [0x00000000d5580000, 0x00000000f8880000, 0x0000000100000000)
  eden space 404992K, 0% used [0x00000000d5580000,0x00000000d5580000,0x00000000ee100000)
  from space 49152K, 55% used [0x00000000ee100000,0x00000000efbd6fd0,0x00000000f1100000)
  to   space 48640K, 0% used [0x00000000f5900000,0x00000000f5900000,0x00000000f8880000)
 ParOldGen       total 237568K, used 106089K [0x0000000080000000, 0x000000008e800000, 0x00000000d5580000)
  object space 237568K, 44% used [0x0000000080000000,0x000000008679a580,0x000000008e800000)
 Metaspace       used 88144K, capacity 92674K, committed 93464K, reserved 1130496K
  class space    used 11816K, capacity 12657K, committed 12848K, reserved 1048576K
}
Event: 46.961 GC heap before
{Heap before GC invocations=26 (full 4):
 PSYoungGen      total 454144K, used 432475K [0x00000000d5580000, 0x00000000f8880000, 0x0000000100000000)
  eden space 404992K, 100% used [0x00000000d5580000,0x00000000ee100000,0x00000000ee100000)
  from space 49152K, 55% used [0x00000000ee100000,0x00000000efbd6fd0,0x00000000f1100000)
  to   space 48640K, 0% used [0x00000000f5900000,0x00000000f5900000,0x00000000f8880000)
 ParOldGen       total 237568K, used 106089K [0x0000000080000000, 0x000000008e800000, 0x00000000d5580000)
  object space 237568K, 44% used [0x0000000080000000,0x000000008679a580,0x000000008e800000)
 Metaspace       used 88273K, capacity 92806K, committed 93720K, reserved 1130496K
  class space    used 11816K, capacity 12657K, committed 12848K, reserved 1048576K
Event: 47.030 GC heap after
Heap after GC invocations=26 (full 4):
 PSYoungGen      total 526848K, used 30349K [0x00000000d5580000, 0x00000000f8d00000, 0x0000000100000000)
  eden space 478208K, 0% used [0x00000000d5580000,0x00000000d5580000,0x00000000f2880000)
  from space 48640K, 62% used [0x00000000f5900000,0x00000000f76a3768,0x00000000f8880000)
  to   space 49664K, 0% used [0x00000000f2880000,0x00000000f2880000,0x00000000f5900000)
 ParOldGen       total 237568K, used 106097K [0x0000000080000000, 0x000000008e800000, 0x00000000d5580000)
  object space 237568K, 44% used [0x0000000080000000,0x000000008679c580,0x000000008e800000)
 Metaspace       used 88273K, capacity 92806K, committed 93720K, reserved 1130496K
  class space    used 11816K, capacity 12657K, committed 12848K, reserved 1048576K
}
Event: 49.009 GC heap before
{Heap before GC invocations=27 (full 4):
 PSYoungGen      total 526848K, used 508557K [0x00000000d5580000, 0x00000000f8d00000, 0x0000000100000000)
  eden space 478208K, 100% used [0x00000000d5580000,0x00000000f2880000,0x00000000f2880000)
  from space 48640K, 62% used [0x00000000f5900000,0x00000000f76a3768,0x00000000f8880000)
  to   space 49664K, 0% used [0x00000000f2880000,0x00000000f2880000,0x00000000f5900000)
 ParOldGen       total 237568K, used 106097K [0x0000000080000000, 0x000000008e800000, 0x00000000d5580000)
  object space 237568K, 44% used [0x0000000080000000,0x000000008679c580,0x000000008e800000)
 Metaspace       used 88299K, capacity 92814K, committed 93720K, reserved 1130496K
  class space    used 11816K, capacity 12657K, committed 12848K, reserved 1048576K
Event: 49.083 GC heap after
Heap after GC invocations=27 (full 4):
 PSYoungGen      total 527872K, used 42099K [0x00000000d5580000, 0x00000000f8d00000, 0x0000000100000000)
  eden space 478208K, 0% used [0x00000000d5580000,0x00000000d5580000,0x00000000f2880000)
  from space 49664K, 84% used [0x00000000f2880000,0x00000000f519cfc0,0x00000000f5900000)
  to   space 48640K, 0% used [0x00000000f5900000,0x00000000f5900000,0x00000000f8880000)
 ParOldGen       total 237568K, used 106097K [0x0000000080000000, 0x000000008e800000, 0x00000000d5580000)
  object space 237568K, 44% used [0x0000000080000000,0x000000008679c580,0x000000008e800000)
 Metaspace       used 88299K, capacity 92814K, committed 93720K, reserved 1130496K
  class space    used 11816K, capacity 12657K, committed 12848K, reserved 1048576K
}

