# JRE version: OpenJDK Runtime Environment (8.0_242-b01) (build 1.8.0_242-release-1644-b01)
# Java VM: OpenJDK 64-Bit Server VM (25.242-b01 mixed mode windows-amd64 compressed oops)
Heap:
 PSYoungGen      total 142848K, used 16565K [0x00000000d5580000, 0x00000000e5c80000, 0x0000000100000000)
  eden space 131072K, 3% used [0x00000000d5580000,0x00000000d5a31968,0x00000000dd580000)
  from space 11776K, 99% used [0x00000000dd580000,0x00000000de0fbae8,0x00000000de100000)
  to   space 14848K, 0% used [0x00000000e4e00000,0x00000000e4e00000,0x00000000e5c80000)
 ParOldGen       total 50688K, used 9211K [0x0000000080000000, 0x0000000083180000, 0x00000000d5580000)
  object space 50688K, 18% used [0x0000000080000000,0x00000000808fef88,0x0000000083180000)
 Metaspace       used 33034K, capacity 34108K, committed 34352K, reserved 1079296K
  class space    used 4519K, capacity 4789K, committed 4912K, reserved 1048576K
GC Heap History (10 events):
Event: 7.064 GC heap before
{Heap before GC invocations=4 (full 0):
 PSYoungGen      total 37888K, used 37872K [0x00000000d5580000, 0x00000000d9f80000, 0x0000000100000000)
  eden space 32768K, 100% used [0x00000000d5580000,0x00000000d7580000,0x00000000d7580000)
  from space 5120K, 99% used [0x00000000d7580000,0x00000000d7a7c010,0x00000000d7a80000)
  to   space 5120K, 0% used [0x00000000d9a80000,0x00000000d9a80000,0x00000000d9f80000)
 ParOldGen       total 86016K, used 839K [0x0000000080000000, 0x0000000085400000, 0x00000000d5580000)
  object space 86016K, 0% used [0x0000000080000000,0x00000000800d1fa8,0x0000000085400000)
 Metaspace       used 14479K, capacity 14966K, committed 15232K, reserved 1062912K
  class space    used 1987K, capacity 2153K, committed 2176K, reserved 1048576K
Event: 7.075 GC heap after
Heap after GC invocations=4 (full 0):
 PSYoungGen      total 70656K, used 5108K [0x00000000d5580000, 0x00000000d9f80000, 0x0000000100000000)
  eden space 65536K, 0% used [0x00000000d5580000,0x00000000d5580000,0x00000000d9580000)
  from space 5120K, 99% used [0x00000000d9a80000,0x00000000d9f7d350,0x00000000d9f80000)
  to   space 5120K, 0% used [0x00000000d9580000,0x00000000d9580000,0x00000000d9a80000)
 ParOldGen       total 86016K, used 2995K [0x0000000080000000, 0x0000000085400000, 0x00000000d5580000)
  object space 86016K, 3% used [0x0000000080000000,0x00000000802ecd50,0x0000000085400000)
 Metaspace       used 14479K, capacity 14966K, committed 15232K, reserved 1062912K
  class space    used 1987K, capacity 2153K, committed 2176K, reserved 1048576K
}
Event: 8.685 GC heap before
{Heap before GC invocations=5 (full 0):
 PSYoungGen      total 70656K, used 70644K [0x00000000d5580000, 0x00000000d9f80000, 0x0000000100000000)
  eden space 65536K, 100% used [0x00000000d5580000,0x00000000d9580000,0x00000000d9580000)
  from space 5120K, 99% used [0x00000000d9a80000,0x00000000d9f7d350,0x00000000d9f80000)
  to   space 5120K, 0% used [0x00000000d9580000,0x00000000d9580000,0x00000000d9a80000)
 ParOldGen       total 86016K, used 2995K [0x0000000080000000, 0x0000000085400000, 0x00000000d5580000)
  object space 86016K, 3% used [0x0000000080000000,0x00000000802ecd50,0x0000000085400000)
 Metaspace       used 20265K, capacity 20936K, committed 20992K, reserved 1067008K
  class space    used 2825K, capacity 3044K, committed 3072K, reserved 1048576K
Event: 8.699 GC heap after
Heap after GC invocations=5 (full 0):
 PSYoungGen      total 70656K, used 5088K [0x00000000d5580000, 0x00000000ded80000, 0x0000000100000000)
  eden space 65536K, 0% used [0x00000000d5580000,0x00000000d5580000,0x00000000d9580000)
  from space 5120K, 99% used [0x00000000d9580000,0x00000000d9a78050,0x00000000d9a80000)
  to   space 12288K, 0% used [0x00000000de180000,0x00000000de180000,0x00000000ded80000)
 ParOldGen       total 86016K, used 9447K [0x0000000080000000, 0x0000000085400000, 0x00000000d5580000)
  object space 86016K, 10% used [0x0000000080000000,0x0000000080939c98,0x0000000085400000)
 Metaspace       used 20265K, capacity 20936K, committed 20992K, reserved 1067008K
  class space    used 2825K, capacity 3044K, committed 3072K, reserved 1048576K
}
Event: 8.779 GC heap before
{Heap before GC invocations=6 (full 0):
 PSYoungGen      total 70656K, used 11925K [0x00000000d5580000, 0x00000000ded80000, 0x0000000100000000)
  eden space 65536K, 10% used [0x00000000d5580000,0x00000000d5c2d4a0,0x00000000d9580000)
  from space 5120K, 99% used [0x00000000d9580000,0x00000000d9a78050,0x00000000d9a80000)
  to   space 12288K, 0% used [0x00000000de180000,0x00000000de180000,0x00000000ded80000)
 ParOldGen       total 86016K, used 9447K [0x0000000080000000, 0x0000000085400000, 0x00000000d5580000)
  object space 86016K, 10% used [0x0000000080000000,0x0000000080939c98,0x0000000085400000)
 Metaspace       used 20583K, capacity 21224K, committed 21296K, reserved 1067008K
  class space    used 2873K, capacity 3076K, committed 3120K, reserved 1048576K
Event: 8.786 GC heap after
Heap after GC invocations=6 (full 0):
 PSYoungGen      total 142336K, used 5477K [0x00000000d5580000, 0x00000000dec80000, 0x0000000100000000)
  eden space 131072K, 0% used [0x00000000d5580000,0x00000000d5580000,0x00000000dd580000)
  from space 11264K, 48% used [0x00000000de180000,0x00000000de6d9490,0x00000000dec80000)
  to   space 11776K, 0% used [0x00000000dd580000,0x00000000dd580000,0x00000000de100000)
 ParOldGen       total 86016K, used 9455K [0x0000000080000000, 0x0000000085400000, 0x00000000d5580000)
  object space 86016K, 10% used [0x0000000080000000,0x000000008093bc98,0x0000000085400000)
 Metaspace       used 20583K, capacity 21224K, committed 21296K, reserved 1067008K
  class space    used 2873K, capacity 3076K, committed 3120K, reserved 1048576K
}
Event: 8.786 GC heap before
{Heap before GC invocations=7 (full 1):
 PSYoungGen      total 142336K, used 5477K [0x00000000d5580000, 0x00000000dec80000, 0x0000000100000000)
  eden space 131072K, 0% used [0x00000000d5580000,0x00000000d5580000,0x00000000dd580000)
  from space 11264K, 48% used [0x00000000de180000,0x00000000de6d9490,0x00000000dec80000)
  to   space 11776K, 0% used [0x00000000dd580000,0x00000000dd580000,0x00000000de100000)
 ParOldGen       total 86016K, used 9455K [0x0000000080000000, 0x0000000085400000, 0x00000000d5580000)
  object space 86016K, 10% used [0x0000000080000000,0x000000008093bc98,0x0000000085400000)
 Metaspace       used 20583K, capacity 21224K, committed 21296K, reserved 1067008K
  class space    used 2873K, capacity 3076K, committed 3120K, reserved 1048576K
Event: 8.836 GC heap after
Heap after GC invocations=7 (full 1):
 PSYoungGen      total 142336K, used 0K [0x00000000d5580000, 0x00000000dec80000, 0x0000000100000000)
  eden space 131072K, 0% used [0x00000000d5580000,0x00000000d5580000,0x00000000dd580000)
  from space 11264K, 0% used [0x00000000de180000,0x00000000de180000,0x00000000dec80000)
  to   space 11776K, 0% used [0x00000000dd580000,0x00000000dd580000,0x00000000de100000)
 ParOldGen       total 50688K, used 6909K [0x0000000080000000, 0x0000000083180000, 0x00000000d5580000)
  object space 50688K, 13% used [0x0000000080000000,0x00000000806bf750,0x0000000083180000)
 Metaspace       used 20583K, capacity 21224K, committed 21296K, reserved 1067008K
  class space    used 2873K, capacity 3076K, committed 3120K, reserved 1048576K
}
Event: 11.423 GC heap before
{Heap before GC invocations=8 (full 1):
 PSYoungGen      total 142336K, used 131072K [0x00000000d5580000, 0x00000000dec80000, 0x0000000100000000)
  eden space 131072K, 100% used [0x00000000d5580000,0x00000000dd580000,0x00000000dd580000)
  from space 11264K, 0% used [0x00000000de180000,0x00000000de180000,0x00000000dec80000)
  to   space 11776K, 0% used [0x00000000dd580000,0x00000000dd580000,0x00000000de100000)
 ParOldGen       total 50688K, used 6909K [0x0000000080000000, 0x0000000083180000, 0x00000000d5580000)
  object space 50688K, 13% used [0x0000000080000000,0x00000000806bf750,0x0000000083180000)
 Metaspace       used 32799K, capacity 33860K, committed 33968K, reserved 1079296K
  class space    used 4480K, capacity 4750K, committed 4784K, reserved 1048576K
Event: 11.446 GC heap after
Heap after GC invocations=8 (full 1):
 PSYoungGen      total 142848K, used 11758K [0x00000000d5580000, 0x00000000e5c80000, 0x0000000100000000)
  eden space 131072K, 0% used [0x00000000d5580000,0x00000000d5580000,0x00000000dd580000)
  from space 11776K, 99% used [0x00000000dd580000,0x00000000de0fbae8,0x00000000de100000)
  to   space 14848K, 0% used [0x00000000e4e00000,0x00000000e4e00000,0x00000000e5c80000)
 ParOldGen       total 50688K, used 9211K [0x0000000080000000, 0x0000000083180000, 0x00000000d5580000)
  object space 50688K, 18% used [0x0000000080000000,0x00000000808fef88,0x0000000083180000)
 Metaspace       used 32799K, capacity 33860K, committed 33968K, reserved 1079296K
  class space    used 4480K, capacity 4750K, committed 4784K, reserved 1048576K
}

