# JRE version: OpenJDK Runtime Environment (8.0_242-b01) (build 1.8.0_242-release-1644-b01)
# Java VM: OpenJDK 64-Bit Server VM (25.242-b01 mixed mode windows-amd64 compressed oops)
Heap:
 PSYoungGen      total 407040K, used 252048K [0x00000000d5580000, 0x00000000f2380000, 0x0000000100000000)
  eden space 363520K, 64% used [0x00000000d5580000,0x00000000e397ce80,0x00000000eb880000)
  from space 43520K, 42% used [0x00000000ef900000,0x00000000f0b27478,0x00000000f2380000)
  to   space 54784K, 0% used [0x00000000eb880000,0x00000000eb880000,0x00000000eee00000)
 ParOldGen       total 258560K, used 130373K [0x0000000080000000, 0x000000008fc80000, 0x00000000d5580000)
  object space 258560K, 50% used [0x0000000080000000,0x0000000087f51560,0x000000008fc80000)
 Metaspace       used 96239K, capacity 100886K, committed 101400K, reserved 1136640K
  class space    used 12513K, capacity 13373K, committed 13616K, reserved 1048576K
GC Heap History (10 events):
Event: 34.266 GC heap before
{Heap before GC invocations=18 (full 3):
 PSYoungGen      total 284672K, used 280741K [0x00000000d5580000, 0x00000000e8c80000, 0x0000000100000000)
  eden space 262144K, 100% used [0x00000000d5580000,0x00000000e5580000,0x00000000e5580000)
  from space 22528K, 82% used [0x00000000e7680000,0x00000000e88a94f8,0x00000000e8c80000)
  to   space 28160K, 0% used [0x00000000e5580000,0x00000000e5580000,0x00000000e7100000)
 ParOldGen       total 120320K, used 71430K [0x0000000080000000, 0x0000000087580000, 0x00000000d5580000)
  object space 120320K, 59% used [0x0000000080000000,0x00000000845c1ae0,0x0000000087580000)
 Metaspace       used 83951K, capacity 88334K, committed 88600K, reserved 1126400K
  class space    used 11414K, capacity 12275K, committed 12336K, reserved 1048576K
Event: 34.408 GC heap after
Heap after GC invocations=18 (full 3):
 PSYoungGen      total 290304K, used 28153K [0x00000000d5580000, 0x00000000eec00000, 0x0000000100000000)
  eden space 262144K, 0% used [0x00000000d5580000,0x00000000d5580000,0x00000000e5580000)
  from space 28160K, 99% used [0x00000000e5580000,0x00000000e70fe5e0,0x00000000e7100000)
  to   space 37376K, 0% used [0x00000000ec780000,0x00000000ec780000,0x00000000eec00000)
 ParOldGen       total 120320K, used 84478K [0x0000000080000000, 0x0000000087580000, 0x00000000d5580000)
  object space 120320K, 70% used [0x0000000080000000,0x000000008527fb10,0x0000000087580000)
 Metaspace       used 83951K, capacity 88334K, committed 88600K, reserved 1126400K
  class space    used 11414K, capacity 12275K, committed 12336K, reserved 1048576K
}
Event: 38.410 GC heap before
{Heap before GC invocations=19 (full 3):
 PSYoungGen      total 290304K, used 290297K [0x00000000d5580000, 0x00000000eec00000, 0x0000000100000000)
  eden space 262144K, 100% used [0x00000000d5580000,0x00000000e5580000,0x00000000e5580000)
  from space 28160K, 99% used [0x00000000e5580000,0x00000000e70fe5e0,0x00000000e7100000)
  to   space 37376K, 0% used [0x00000000ec780000,0x00000000ec780000,0x00000000eec00000)
 ParOldGen       total 120320K, used 84478K [0x0000000080000000, 0x0000000087580000, 0x00000000d5580000)
  object space 120320K, 70% used [0x0000000080000000,0x000000008527fb10,0x0000000087580000)
 Metaspace       used 86780K, capacity 91698K, committed 91928K, reserved 1128448K
  class space    used 11832K, capacity 12801K, committed 12848K, reserved 1048576K
Event: 38.615 GC heap after
Heap after GC invocations=19 (full 3):
 PSYoungGen      total 355328K, used 37349K [0x00000000d5580000, 0x00000000f2200000, 0x0000000100000000)
  eden space 317952K, 0% used [0x00000000d5580000,0x00000000d5580000,0x00000000e8c00000)
  from space 37376K, 99% used [0x00000000ec780000,0x00000000eebf9470,0x00000000eec00000)
  to   space 60928K, 0% used [0x00000000e8c00000,0x00000000e8c00000,0x00000000ec780000)
 ParOldGen       total 132096K, used 132049K [0x0000000080000000, 0x0000000088100000, 0x00000000d5580000)
  object space 132096K, 99% used [0x0000000080000000,0x00000000880f4648,0x0000000088100000)
 Metaspace       used 86780K, capacity 91698K, committed 91928K, reserved 1128448K
  class space    used 11832K, capacity 12801K, committed 12848K, reserved 1048576K
}
Event: 38.615 GC heap before
{Heap before GC invocations=20 (full 4):
 PSYoungGen      total 355328K, used 37349K [0x00000000d5580000, 0x00000000f2200000, 0x0000000100000000)
  eden space 317952K, 0% used [0x00000000d5580000,0x00000000d5580000,0x00000000e8c00000)
  from space 37376K, 99% used [0x00000000ec780000,0x00000000eebf9470,0x00000000eec00000)
  to   space 60928K, 0% used [0x00000000e8c00000,0x00000000e8c00000,0x00000000ec780000)
 ParOldGen       total 132096K, used 132049K [0x0000000080000000, 0x0000000088100000, 0x00000000d5580000)
  object space 132096K, 99% used [0x0000000080000000,0x00000000880f4648,0x0000000088100000)
 Metaspace       used 86780K, capacity 91698K, committed 91928K, reserved 1128448K
  class space    used 11832K, capacity 12801K, committed 12848K, reserved 1048576K
Event: 39.815 GC heap after
Heap after GC invocations=20 (full 4):
 PSYoungGen      total 355328K, used 0K [0x00000000d5580000, 0x00000000f2200000, 0x0000000100000000)
  eden space 317952K, 0% used [0x00000000d5580000,0x00000000d5580000,0x00000000e8c00000)
  from space 37376K, 0% used [0x00000000ec780000,0x00000000ec780000,0x00000000eec00000)
  to   space 60928K, 0% used [0x00000000e8c00000,0x00000000e8c00000,0x00000000ec780000)
 ParOldGen       total 258560K, used 130357K [0x0000000080000000, 0x000000008fc80000, 0x00000000d5580000)
  object space 258560K, 50% used [0x0000000080000000,0x0000000087f4d560,0x000000008fc80000)
 Metaspace       used 86239K, capacity 90442K, committed 91928K, reserved 1128448K
  class space    used 11636K, capacity 12451K, committed 12848K, reserved 1048576K
}
Event: 93.627 GC heap before
{Heap before GC invocations=21 (full 4):
 PSYoungGen      total 355328K, used 317952K [0x00000000d5580000, 0x00000000f2200000, 0x0000000100000000)
  eden space 317952K, 100% used [0x00000000d5580000,0x00000000e8c00000,0x00000000e8c00000)
  from space 37376K, 0% used [0x00000000ec780000,0x00000000ec780000,0x00000000eec00000)
  to   space 60928K, 0% used [0x00000000e8c00000,0x00000000e8c00000,0x00000000ec780000)
 ParOldGen       total 258560K, used 130357K [0x0000000080000000, 0x000000008fc80000, 0x00000000d5580000)
  object space 258560K, 50% used [0x0000000080000000,0x0000000087f4d560,0x000000008fc80000)
 Metaspace       used 90859K, capacity 95178K, committed 96408K, reserved 1132544K
  class space    used 12022K, capacity 12851K, committed 13232K, reserved 1048576K
Event: 93.667 GC heap after
Heap after GC invocations=21 (full 4):
 PSYoungGen      total 378880K, used 22991K [0x00000000d5580000, 0x00000000f3100000, 0x0000000100000000)
  eden space 317952K, 0% used [0x00000000d5580000,0x00000000d5580000,0x00000000e8c00000)
  from space 60928K, 37% used [0x00000000e8c00000,0x00000000ea273db8,0x00000000ec780000)
  to   space 57344K, 0% used [0x00000000ef900000,0x00000000ef900000,0x00000000f3100000)
 ParOldGen       total 258560K, used 130365K [0x0000000080000000, 0x000000008fc80000, 0x00000000d5580000)
  object space 258560K, 50% used [0x0000000080000000,0x0000000087f4f560,0x000000008fc80000)
 Metaspace       used 90859K, capacity 95178K, committed 96408K, reserved 1132544K
  class space    used 12022K, capacity 12851K, committed 13232K, reserved 1048576K
}
Event: 267.220 GC heap before
{Heap before GC invocations=22 (full 4):
 PSYoungGen      total 378880K, used 340943K [0x00000000d5580000, 0x00000000f3100000, 0x0000000100000000)
  eden space 317952K, 100% used [0x00000000d5580000,0x00000000e8c00000,0x00000000e8c00000)
  from space 60928K, 37% used [0x00000000e8c00000,0x00000000ea273db8,0x00000000ec780000)
  to   space 57344K, 0% used [0x00000000ef900000,0x00000000ef900000,0x00000000f3100000)
 ParOldGen       total 258560K, used 130365K [0x0000000080000000, 0x000000008fc80000, 0x00000000d5580000)
  object space 258560K, 50% used [0x0000000080000000,0x0000000087f4f560,0x000000008fc80000)
 Metaspace       used 95341K, capacity 99824K, committed 100504K, reserved 1136640K
  class space    used 12415K, capacity 13252K, committed 13488K, reserved 1048576K
Event: 267.302 GC heap after
Heap after GC invocations=22 (full 4):
 PSYoungGen      total 407040K, used 18589K [0x00000000d5580000, 0x00000000f2380000, 0x0000000100000000)
  eden space 363520K, 0% used [0x00000000d5580000,0x00000000d5580000,0x00000000eb880000)
  from space 43520K, 42% used [0x00000000ef900000,0x00000000f0b27478,0x00000000f2380000)
  to   space 54784K, 0% used [0x00000000eb880000,0x00000000eb880000,0x00000000eee00000)
 ParOldGen       total 258560K, used 130373K [0x0000000080000000, 0x000000008fc80000, 0x00000000d5580000)
  object space 258560K, 50% used [0x0000000080000000,0x0000000087f51560,0x000000008fc80000)
 Metaspace       used 95341K, capacity 99824K, committed 100504K, reserved 1136640K
  class space    used 12415K, capacity 13252K, committed 13488K, reserved 1048576K
}

