# JRE version: OpenJDK Runtime Environment (8.0_242-b01) (build 1.8.0_242-release-1644-b01)
# Java VM: OpenJDK 64-Bit Server VM (25.242-b01 mixed mode windows-amd64 compressed oops)
Heap:
 PSYoungGen      total 303104K, used 211565K [0x00000000d5580000, 0x00000000ed700000, 0x0000000100000000)
  eden space 263680K, 69% used [0x00000000d5580000,0x00000000e09b0908,0x00000000e5700000)
  from space 39424K, 68% used [0x00000000e5700000,0x00000000e716adf8,0x00000000e7d80000)
  to   space 41472K, 0% used [0x00000000eae80000,0x00000000eae80000,0x00000000ed700000)
 ParOldGen       total 136192K, used 77519K [0x0000000080000000, 0x0000000088500000, 0x00000000d5580000)
  object space 136192K, 56% used [0x0000000080000000,0x0000000084bb3e40,0x0000000088500000)
 Metaspace       used 86103K, capacity 89940K, committed 90264K, reserved 1128448K
  class space    used 11134K, capacity 11842K, committed 11952K, reserved 1048576K
GC Heap History (10 events):
Event: 30.424 GC heap before
{Heap before GC invocations=12 (full 3):
 PSYoungGen      total 217088K, used 14844K [0x00000000d5580000, 0x00000000e6380000, 0x0000000100000000)
  eden space 202240K, 0% used [0x00000000d5580000,0x00000000d5580000,0x00000000e1b00000)
  from space 14848K, 99% used [0x00000000e1b00000,0x00000000e297f320,0x00000000e2980000)
  to   space 22016K, 0% used [0x00000000e4e00000,0x00000000e4e00000,0x00000000e6380000)
 ParOldGen       total 85504K, used 29503K [0x0000000080000000, 0x0000000085380000, 0x00000000d5580000)
  object space 85504K, 34% used [0x0000000080000000,0x0000000081ccfff8,0x0000000085380000)
 Metaspace       used 56759K, capacity 59038K, committed 59160K, reserved 1099776K
  class space    used 7751K, capacity 8216K, committed 8240K, reserved 1048576K
Event: 30.698 GC heap after
Heap after GC invocations=12 (full 3):
 PSYoungGen      total 217088K, used 0K [0x00000000d5580000, 0x00000000e6380000, 0x0000000100000000)
  eden space 202240K, 0% used [0x00000000d5580000,0x00000000d5580000,0x00000000e1b00000)
  from space 14848K, 0% used [0x00000000e1b00000,0x00000000e1b00000,0x00000000e2980000)
  to   space 22016K, 0% used [0x00000000e4e00000,0x00000000e4e00000,0x00000000e6380000)
 ParOldGen       total 136192K, used 38969K [0x0000000080000000, 0x0000000088500000, 0x00000000d5580000)
  object space 136192K, 28% used [0x0000000080000000,0x000000008260e428,0x0000000088500000)
 Metaspace       used 56759K, capacity 59038K, committed 59160K, reserved 1099776K
  class space    used 7751K, capacity 8216K, committed 8240K, reserved 1048576K
}
Event: 34.846 GC heap before
{Heap before GC invocations=13 (full 3):
 PSYoungGen      total 217088K, used 202240K [0x00000000d5580000, 0x00000000e6380000, 0x0000000100000000)
  eden space 202240K, 100% used [0x00000000d5580000,0x00000000e1b00000,0x00000000e1b00000)
  from space 14848K, 0% used [0x00000000e1b00000,0x00000000e1b00000,0x00000000e2980000)
  to   space 22016K, 0% used [0x00000000e4e00000,0x00000000e4e00000,0x00000000e6380000)
 ParOldGen       total 136192K, used 38969K [0x0000000080000000, 0x0000000088500000, 0x00000000d5580000)
  object space 136192K, 28% used [0x0000000080000000,0x000000008260e428,0x0000000088500000)
 Metaspace       used 64665K, capacity 67526K, committed 67864K, reserved 1107968K
  class space    used 8897K, capacity 9456K, committed 9520K, reserved 1048576K
Event: 34.909 GC heap after
Heap after GC invocations=13 (full 3):
 PSYoungGen      total 247296K, used 22001K [0x00000000d5580000, 0x00000000e7e00000, 0x0000000100000000)
  eden space 225280K, 0% used [0x00000000d5580000,0x00000000d5580000,0x00000000e3180000)
  from space 22016K, 99% used [0x00000000e4e00000,0x00000000e637c4e0,0x00000000e6380000)
  to   space 29184K, 0% used [0x00000000e3180000,0x00000000e3180000,0x00000000e4e00000)
 ParOldGen       total 136192K, used 49861K [0x0000000080000000, 0x0000000088500000, 0x00000000d5580000)
  object space 136192K, 36% used [0x0000000080000000,0x00000000830b1578,0x0000000088500000)
 Metaspace       used 64665K, capacity 67526K, committed 67864K, reserved 1107968K
  class space    used 8897K, capacity 9456K, committed 9520K, reserved 1048576K
}
Event: 41.600 GC heap before
{Heap before GC invocations=14 (full 3):
 PSYoungGen      total 247296K, used 247281K [0x00000000d5580000, 0x00000000e7e00000, 0x0000000100000000)
  eden space 225280K, 100% used [0x00000000d5580000,0x00000000e3180000,0x00000000e3180000)
  from space 22016K, 99% used [0x00000000e4e00000,0x00000000e637c4e0,0x00000000e6380000)
  to   space 29184K, 0% used [0x00000000e3180000,0x00000000e3180000,0x00000000e4e00000)
 ParOldGen       total 136192K, used 49861K [0x0000000080000000, 0x0000000088500000, 0x00000000d5580000)
  object space 136192K, 36% used [0x0000000080000000,0x00000000830b1578,0x0000000088500000)
 Metaspace       used 69642K, capacity 72814K, committed 73112K, reserved 1112064K
  class space    used 9475K, capacity 10092K, committed 10160K, reserved 1048576K
Event: 41.659 GC heap after
Heap after GC invocations=14 (full 3):
 PSYoungGen      total 254464K, used 29165K [0x00000000d5580000, 0x00000000ea780000, 0x0000000100000000)
  eden space 225280K, 0% used [0x00000000d5580000,0x00000000d5580000,0x00000000e3180000)
  from space 29184K, 99% used [0x00000000e3180000,0x00000000e4dfb520,0x00000000e4e00000)
  to   space 37376K, 0% used [0x00000000e8300000,0x00000000e8300000,0x00000000ea780000)
 ParOldGen       total 136192K, used 59144K [0x0000000080000000, 0x0000000088500000, 0x00000000d5580000)
  object space 136192K, 43% used [0x0000000080000000,0x00000000839c21e8,0x0000000088500000)
 Metaspace       used 69642K, capacity 72814K, committed 73112K, reserved 1112064K
  class space    used 9475K, capacity 10092K, committed 10160K, reserved 1048576K
}
Event: 110.593 GC heap before
{Heap before GC invocations=15 (full 3):
 PSYoungGen      total 254464K, used 254445K [0x00000000d5580000, 0x00000000ea780000, 0x0000000100000000)
  eden space 225280K, 100% used [0x00000000d5580000,0x00000000e3180000,0x00000000e3180000)
  from space 29184K, 99% used [0x00000000e3180000,0x00000000e4dfb520,0x00000000e4e00000)
  to   space 37376K, 0% used [0x00000000e8300000,0x00000000e8300000,0x00000000ea780000)
 ParOldGen       total 136192K, used 59144K [0x0000000080000000, 0x0000000088500000, 0x00000000d5580000)
  object space 136192K, 43% used [0x0000000080000000,0x00000000839c21e8,0x0000000088500000)
 Metaspace       used 75244K, capacity 78624K, committed 78744K, reserved 1118208K
  class space    used 9927K, capacity 10603K, committed 10672K, reserved 1048576K
Event: 110.659 GC heap after
Heap after GC invocations=15 (full 3):
 PSYoungGen      total 297472K, used 27226K [0x00000000d5580000, 0x00000000ea400000, 0x0000000100000000)
  eden space 263680K, 0% used [0x00000000d5580000,0x00000000d5580000,0x00000000e5700000)
  from space 33792K, 80% used [0x00000000e8300000,0x00000000e9d96ad0,0x00000000ea400000)
  to   space 39424K, 0% used [0x00000000e5700000,0x00000000e5700000,0x00000000e7d80000)
 ParOldGen       total 136192K, used 77511K [0x0000000080000000, 0x0000000088500000, 0x00000000d5580000)
  object space 136192K, 56% used [0x0000000080000000,0x0000000084bb1e40,0x0000000088500000)
 Metaspace       used 75244K, capacity 78624K, committed 78744K, reserved 1118208K
  class space    used 9927K, capacity 10603K, committed 10672K, reserved 1048576K
}
Event: 118.045 GC heap before
{Heap before GC invocations=16 (full 3):
 PSYoungGen      total 297472K, used 290906K [0x00000000d5580000, 0x00000000ea400000, 0x0000000100000000)
  eden space 263680K, 100% used [0x00000000d5580000,0x00000000e5700000,0x00000000e5700000)
  from space 33792K, 80% used [0x00000000e8300000,0x00000000e9d96ad0,0x00000000ea400000)
  to   space 39424K, 0% used [0x00000000e5700000,0x00000000e5700000,0x00000000e7d80000)
 ParOldGen       total 136192K, used 77511K [0x0000000080000000, 0x0000000088500000, 0x00000000d5580000)
  object space 136192K, 56% used [0x0000000080000000,0x0000000084bb1e40,0x0000000088500000)
 Metaspace       used 79773K, capacity 83464K, committed 83608K, reserved 1122304K
  class space    used 10390K, capacity 11073K, committed 11184K, reserved 1048576K
Event: 118.139 GC heap after
Heap after GC invocations=16 (full 3):
 PSYoungGen      total 303104K, used 27051K [0x00000000d5580000, 0x00000000ed700000, 0x0000000100000000)
  eden space 263680K, 0% used [0x00000000d5580000,0x00000000d5580000,0x00000000e5700000)
  from space 39424K, 68% used [0x00000000e5700000,0x00000000e716adf8,0x00000000e7d80000)
  to   space 41472K, 0% used [0x00000000eae80000,0x00000000eae80000,0x00000000ed700000)
 ParOldGen       total 136192K, used 77519K [0x0000000080000000, 0x0000000088500000, 0x00000000d5580000)
  object space 136192K, 56% used [0x0000000080000000,0x0000000084bb3e40,0x0000000088500000)
 Metaspace       used 79773K, capacity 83464K, committed 83608K, reserved 1122304K
  class space    used 10390K, capacity 11073K, committed 11184K, reserved 1048576K
}

