# JRE version: OpenJDK Runtime Environment (8.0_242-b01) (build 1.8.0_242-release-1644-b01)
# Java VM: OpenJDK 64-Bit Server VM (25.242-b01 mixed mode windows-amd64 compressed oops)
Heap:
 PSYoungGen      total 338944K, used 41734K [0x00000000d5580000, 0x00000000ee480000, 0x0000000100000000)
  eden space 304128K, 5% used [0x00000000d5580000,0x00000000d6553210,0x00000000e7e80000)
  from space 34816K, 73% used [0x00000000e7e80000,0x00000000e976e798,0x00000000ea080000)
  to   space 36864K, 0% used [0x00000000ec080000,0x00000000ec080000,0x00000000ee480000)
 ParOldGen       total 186880K, used 52396K [0x0000000080000000, 0x000000008b680000, 0x00000000d5580000)
  object space 186880K, 28% used [0x0000000080000000,0x000000008332b0e8,0x000000008b680000)
 Metaspace       used 107532K, capacity 113446K, committed 113688K, reserved 1148928K
  class space    used 13963K, capacity 15076K, committed 15152K, reserved 1048576K
GC Heap History (10 events):
Event: 365.727 GC heap before
{Heap before GC invocations=19 (full 3):
 PSYoungGen      total 259584K, used 259571K [0x00000000d5580000, 0x00000000eb500000, 0x0000000100000000)
  eden space 233984K, 100% used [0x00000000d5580000,0x00000000e3a00000,0x00000000e3a00000)
  from space 25600K, 99% used [0x00000000e3a00000,0x00000000e52fcdf8,0x00000000e5300000)
  to   space 36864K, 0% used [0x00000000e9100000,0x00000000e9100000,0x00000000eb500000)
 ParOldGen       total 119296K, used 53726K [0x0000000080000000, 0x0000000087480000, 0x00000000d5580000)
  object space 119296K, 45% used [0x0000000080000000,0x0000000083477a58,0x0000000087480000)
 Metaspace       used 92549K, capacity 97764K, committed 98072K, reserved 1134592K
  class space    used 12254K, capacity 13268K, committed 13360K, reserved 1048576K
Event: 365.776 GC heap after
Heap after GC invocations=19 (full 3):
 PSYoungGen      total 300544K, used 12773K [0x00000000d5580000, 0x00000000ea800000, 0x0000000100000000)
  eden space 276992K, 0% used [0x00000000d5580000,0x00000000d5580000,0x00000000e6400000)
  from space 23552K, 54% used [0x00000000e9100000,0x00000000e9d79540,0x00000000ea800000)
  to   space 34816K, 0% used [0x00000000e6400000,0x00000000e6400000,0x00000000e8600000)
 ParOldGen       total 119296K, used 75429K [0x0000000080000000, 0x0000000087480000, 0x00000000d5580000)
  object space 119296K, 63% used [0x0000000080000000,0x00000000849a9448,0x0000000087480000)
 Metaspace       used 92549K, capacity 97764K, committed 98072K, reserved 1134592K
  class space    used 12254K, capacity 13268K, committed 13360K, reserved 1048576K
}
Event: 397.687 GC heap before
{Heap before GC invocations=20 (full 3):
 PSYoungGen      total 300544K, used 47279K [0x00000000d5580000, 0x00000000ea800000, 0x0000000100000000)
  eden space 276992K, 12% used [0x00000000d5580000,0x00000000d77326f0,0x00000000e6400000)
  from space 23552K, 54% used [0x00000000e9100000,0x00000000e9d79540,0x00000000ea800000)
  to   space 34816K, 0% used [0x00000000e6400000,0x00000000e6400000,0x00000000e8600000)
 ParOldGen       total 119296K, used 75429K [0x0000000080000000, 0x0000000087480000, 0x00000000d5580000)
  object space 119296K, 63% used [0x0000000080000000,0x00000000849a9448,0x0000000087480000)
 Metaspace       used 93094K, capacity 98504K, committed 98600K, reserved 1134592K
  class space    used 12319K, capacity 13395K, committed 13488K, reserved 1048576K
Event: 397.700 GC heap after
Heap after GC invocations=20 (full 3):
 PSYoungGen      total 311808K, used 8151K [0x00000000d5580000, 0x00000000ec180000, 0x0000000100000000)
  eden space 276992K, 0% used [0x00000000d5580000,0x00000000d5580000,0x00000000e6400000)
  from space 34816K, 23% used [0x00000000e6400000,0x00000000e6bf5ef0,0x00000000e8600000)
  to   space 33792K, 0% used [0x00000000ea080000,0x00000000ea080000,0x00000000ec180000)
 ParOldGen       total 119296K, used 75437K [0x0000000080000000, 0x0000000087480000, 0x00000000d5580000)
  object space 119296K, 63% used [0x0000000080000000,0x00000000849ab448,0x0000000087480000)
 Metaspace       used 93094K, capacity 98504K, committed 98600K, reserved 1134592K
  class space    used 12319K, capacity 13395K, committed 13488K, reserved 1048576K
}
Event: 397.701 GC heap before
{Heap before GC invocations=21 (full 4):
 PSYoungGen      total 311808K, used 8151K [0x00000000d5580000, 0x00000000ec180000, 0x0000000100000000)
  eden space 276992K, 0% used [0x00000000d5580000,0x00000000d5580000,0x00000000e6400000)
  from space 34816K, 23% used [0x00000000e6400000,0x00000000e6bf5ef0,0x00000000e8600000)
  to   space 33792K, 0% used [0x00000000ea080000,0x00000000ea080000,0x00000000ec180000)
 ParOldGen       total 119296K, used 75437K [0x0000000080000000, 0x0000000087480000, 0x00000000d5580000)
  object space 119296K, 63% used [0x0000000080000000,0x00000000849ab448,0x0000000087480000)
 Metaspace       used 93094K, capacity 98504K, committed 98600K, reserved 1134592K
  class space    used 12319K, capacity 13395K, committed 13488K, reserved 1048576K
Event: 397.922 GC heap after
Heap after GC invocations=21 (full 4):
 PSYoungGen      total 311808K, used 0K [0x00000000d5580000, 0x00000000ec180000, 0x0000000100000000)
  eden space 276992K, 0% used [0x00000000d5580000,0x00000000d5580000,0x00000000e6400000)
  from space 34816K, 0% used [0x00000000e6400000,0x00000000e6400000,0x00000000e8600000)
  to   space 33792K, 0% used [0x00000000ea080000,0x00000000ea080000,0x00000000ec180000)
 ParOldGen       total 186880K, used 52380K [0x0000000080000000, 0x000000008b680000, 0x00000000d5580000)
  object space 186880K, 28% used [0x0000000080000000,0x00000000833270e8,0x000000008b680000)
 Metaspace       used 92612K, capacity 97476K, committed 98600K, reserved 1134592K
  class space    used 12146K, capacity 13096K, committed 13488K, reserved 1048576K
}
Event: 401.225 GC heap before
{Heap before GC invocations=22 (full 4):
 PSYoungGen      total 311808K, used 276992K [0x00000000d5580000, 0x00000000ec180000, 0x0000000100000000)
  eden space 276992K, 100% used [0x00000000d5580000,0x00000000e6400000,0x00000000e6400000)
  from space 34816K, 0% used [0x00000000e6400000,0x00000000e6400000,0x00000000e8600000)
  to   space 33792K, 0% used [0x00000000ea080000,0x00000000ea080000,0x00000000ec180000)
 ParOldGen       total 186880K, used 52380K [0x0000000080000000, 0x000000008b680000, 0x00000000d5580000)
  object space 186880K, 28% used [0x0000000080000000,0x00000000833270e8,0x000000008b680000)
 Metaspace       used 101447K, capacity 106846K, committed 107160K, reserved 1142784K
  class space    used 13337K, capacity 14352K, committed 14512K, reserved 1048576K
Event: 401.256 GC heap after
Heap after GC invocations=22 (full 4):
 PSYoungGen      total 337920K, used 20855K [0x00000000d5580000, 0x00000000ec800000, 0x0000000100000000)
  eden space 304128K, 0% used [0x00000000d5580000,0x00000000d5580000,0x00000000e7e80000)
  from space 33792K, 61% used [0x00000000ea080000,0x00000000eb4ddea8,0x00000000ec180000)
  to   space 34816K, 0% used [0x00000000e7e80000,0x00000000e7e80000,0x00000000ea080000)
 ParOldGen       total 186880K, used 52388K [0x0000000080000000, 0x000000008b680000, 0x00000000d5580000)
  object space 186880K, 28% used [0x0000000080000000,0x00000000833290e8,0x000000008b680000)
 Metaspace       used 101447K, capacity 106846K, committed 107160K, reserved 1142784K
  class space    used 13337K, capacity 14352K, committed 14512K, reserved 1048576K
}
Event: 420.562 GC heap before
{Heap before GC invocations=23 (full 4):
 PSYoungGen      total 337920K, used 324983K [0x00000000d5580000, 0x00000000ec800000, 0x0000000100000000)
  eden space 304128K, 100% used [0x00000000d5580000,0x00000000e7e80000,0x00000000e7e80000)
  from space 33792K, 61% used [0x00000000ea080000,0x00000000eb4ddea8,0x00000000ec180000)
  to   space 34816K, 0% used [0x00000000e7e80000,0x00000000e7e80000,0x00000000ea080000)
 ParOldGen       total 186880K, used 52388K [0x0000000080000000, 0x000000008b680000, 0x00000000d5580000)
  object space 186880K, 28% used [0x0000000080000000,0x00000000833290e8,0x000000008b680000)
 Metaspace       used 107247K, capacity 113092K, committed 113432K, reserved 1146880K
  class space    used 13936K, capacity 15069K, committed 15152K, reserved 1048576K
Event: 420.602 GC heap after
Heap after GC invocations=23 (full 4):
 PSYoungGen      total 338944K, used 25529K [0x00000000d5580000, 0x00000000ee480000, 0x0000000100000000)
  eden space 304128K, 0% used [0x00000000d5580000,0x00000000d5580000,0x00000000e7e80000)
  from space 34816K, 73% used [0x00000000e7e80000,0x00000000e976e798,0x00000000ea080000)
  to   space 36864K, 0% used [0x00000000ec080000,0x00000000ec080000,0x00000000ee480000)
 ParOldGen       total 186880K, used 52396K [0x0000000080000000, 0x000000008b680000, 0x00000000d5580000)
  object space 186880K, 28% used [0x0000000080000000,0x000000008332b0e8,0x000000008b680000)
 Metaspace       used 107247K, capacity 113092K, committed 113432K, reserved 1146880K
  class space    used 13936K, capacity 15069K, committed 15152K, reserved 1048576K
}

