# JRE version: OpenJDK Runtime Environment (8.0_242-b01) (build 1.8.0_242-release-1644-b01)
# Java VM: OpenJDK 64-Bit Server VM (25.242-b01 mixed mode windows-amd64 compressed oops)
Heap:
 PSYoungGen      total 399872K, used 144398K [0x00000000d5580000, 0x00000000f1500000, 0x0000000100000000)
  eden space 373248K, 31% used [0x00000000d5580000,0x00000000dc889648,0x00000000ec200000)
  from space 26624K, 99% used [0x00000000ee880000,0x00000000f027a4f0,0x00000000f0280000)
  to   space 39424K, 0% used [0x00000000ec200000,0x00000000ec200000,0x00000000ee880000)
 ParOldGen       total 114688K, used 60256K [0x0000000080000000, 0x0000000087000000, 0x00000000d5580000)
  object space 114688K, 52% used [0x0000000080000000,0x0000000083ad8028,0x0000000087000000)
 Metaspace       used 84797K, capacity 89522K, committed 89752K, reserved 1126400K
  class space    used 11519K, capacity 12441K, committed 12464K, reserved 1048576K
GC Heap History (10 events):
Event: 16.315 GC heap before
{Heap before GC invocations=11 (full 2):
 PSYoungGen      total 238592K, used 223744K [0x00000000d5580000, 0x00000000e4f00000, 0x0000000100000000)
  eden space 223744K, 100% used [0x00000000d5580000,0x00000000e3000000,0x00000000e3000000)
  from space 14848K, 0% used [0x00000000e3e00000,0x00000000e3e00000,0x00000000e4c80000)
  to   space 14336K, 0% used [0x00000000e3000000,0x00000000e3000000,0x00000000e3e00000)
 ParOldGen       total 74240K, used 14538K [0x0000000080000000, 0x0000000084880000, 0x00000000d5580000)
  object space 74240K, 19% used [0x0000000080000000,0x0000000080e32b30,0x0000000084880000)
 Metaspace       used 46701K, capacity 48488K, committed 48680K, reserved 1091584K
  class space    used 6299K, capacity 6641K, committed 6704K, reserved 1048576K
Event: 16.342 GC heap after
Heap after GC invocations=11 (full 2):
 PSYoungGen      total 238080K, used 14329K [0x00000000d5580000, 0x00000000ea980000, 0x0000000100000000)
  eden space 223744K, 0% used [0x00000000d5580000,0x00000000d5580000,0x00000000e3000000)
  from space 14336K, 99% used [0x00000000e3000000,0x00000000e3dfe440,0x00000000e3e00000)
  to   space 17920K, 0% used [0x00000000e9800000,0x00000000e9800000,0x00000000ea980000)
 ParOldGen       total 74240K, used 18820K [0x0000000080000000, 0x0000000084880000, 0x00000000d5580000)
  object space 74240K, 25% used [0x0000000080000000,0x00000000812610a8,0x0000000084880000)
 Metaspace       used 46701K, capacity 48488K, committed 48680K, reserved 1091584K
  class space    used 6299K, capacity 6641K, committed 6704K, reserved 1048576K
}
Event: 19.546 GC heap before
{Heap before GC invocations=12 (full 2):
 PSYoungGen      total 238080K, used 140395K [0x00000000d5580000, 0x00000000ea980000, 0x0000000100000000)
  eden space 223744K, 56% used [0x00000000d5580000,0x00000000dd09c8b0,0x00000000e3000000)
  from space 14336K, 99% used [0x00000000e3000000,0x00000000e3dfe440,0x00000000e3e00000)
  to   space 17920K, 0% used [0x00000000e9800000,0x00000000e9800000,0x00000000ea980000)
 ParOldGen       total 74240K, used 18820K [0x0000000080000000, 0x0000000084880000, 0x00000000d5580000)
  object space 74240K, 25% used [0x0000000080000000,0x00000000812610a8,0x0000000084880000)
 Metaspace       used 56793K, capacity 59138K, committed 59160K, reserved 1099776K
  class space    used 7750K, capacity 8222K, committed 8240K, reserved 1048576K
Event: 19.586 GC heap after
Heap after GC invocations=12 (full 2):
 PSYoungGen      total 325120K, used 17909K [0x00000000d5580000, 0x00000000eb080000, 0x0000000100000000)
  eden space 307200K, 0% used [0x00000000d5580000,0x00000000d5580000,0x00000000e8180000)
  from space 17920K, 99% used [0x00000000e9800000,0x00000000ea97d480,0x00000000ea980000)
  to   space 23040K, 0% used [0x00000000e8180000,0x00000000e8180000,0x00000000e9800000)
 ParOldGen       total 74240K, used 25187K [0x0000000080000000, 0x0000000084880000, 0x00000000d5580000)
  object space 74240K, 33% used [0x0000000080000000,0x0000000081898f30,0x0000000084880000)
 Metaspace       used 56793K, capacity 59138K, committed 59160K, reserved 1099776K
  class space    used 7750K, capacity 8222K, committed 8240K, reserved 1048576K
}
Event: 19.586 GC heap before
{Heap before GC invocations=13 (full 3):
 PSYoungGen      total 325120K, used 17909K [0x00000000d5580000, 0x00000000eb080000, 0x0000000100000000)
  eden space 307200K, 0% used [0x00000000d5580000,0x00000000d5580000,0x00000000e8180000)
  from space 17920K, 99% used [0x00000000e9800000,0x00000000ea97d480,0x00000000ea980000)
  to   space 23040K, 0% used [0x00000000e8180000,0x00000000e8180000,0x00000000e9800000)
 ParOldGen       total 74240K, used 25187K [0x0000000080000000, 0x0000000084880000, 0x00000000d5580000)
  object space 74240K, 33% used [0x0000000080000000,0x0000000081898f30,0x0000000084880000)
 Metaspace       used 56793K, capacity 59138K, committed 59160K, reserved 1099776K
  class space    used 7750K, capacity 8222K, committed 8240K, reserved 1048576K
Event: 19.876 GC heap after
Heap after GC invocations=13 (full 3):
 PSYoungGen      total 325120K, used 0K [0x00000000d5580000, 0x00000000eb080000, 0x0000000100000000)
  eden space 307200K, 0% used [0x00000000d5580000,0x00000000d5580000,0x00000000e8180000)
  from space 17920K, 0% used [0x00000000e9800000,0x00000000e9800000,0x00000000ea980000)
  to   space 23040K, 0% used [0x00000000e8180000,0x00000000e8180000,0x00000000e9800000)
 ParOldGen       total 114688K, used 36102K [0x0000000080000000, 0x0000000087000000, 0x00000000d5580000)
  object space 114688K, 31% used [0x0000000080000000,0x0000000082341ae8,0x0000000087000000)
 Metaspace       used 56782K, capacity 59102K, committed 59160K, reserved 1099776K
  class space    used 7747K, capacity 8216K, committed 8240K, reserved 1048576K
}
Event: 36.150 GC heap before
{Heap before GC invocations=14 (full 3):
 PSYoungGen      total 325120K, used 307200K [0x00000000d5580000, 0x00000000eb080000, 0x0000000100000000)
  eden space 307200K, 100% used [0x00000000d5580000,0x00000000e8180000,0x00000000e8180000)
  from space 17920K, 0% used [0x00000000e9800000,0x00000000e9800000,0x00000000ea980000)
  to   space 23040K, 0% used [0x00000000e8180000,0x00000000e8180000,0x00000000e9800000)
 ParOldGen       total 114688K, used 36102K [0x0000000080000000, 0x0000000087000000, 0x00000000d5580000)
  object space 114688K, 31% used [0x0000000080000000,0x0000000082341ae8,0x0000000087000000)
 Metaspace       used 68028K, capacity 71038K, committed 71320K, reserved 1110016K
  class space    used 9264K, capacity 9822K, committed 9904K, reserved 1048576K
Event: 36.189 GC heap after
Heap after GC invocations=14 (full 3):
 PSYoungGen      total 330240K, used 23008K [0x00000000d5580000, 0x00000000f0280000, 0x0000000100000000)
  eden space 307200K, 0% used [0x00000000d5580000,0x00000000d5580000,0x00000000e8180000)
  from space 23040K, 99% used [0x00000000e8180000,0x00000000e97f8380,0x00000000e9800000)
  to   space 26624K, 0% used [0x00000000ee880000,0x00000000ee880000,0x00000000f0280000)
 ParOldGen       total 114688K, used 36827K [0x0000000080000000, 0x0000000087000000, 0x00000000d5580000)
  object space 114688K, 32% used [0x0000000080000000,0x00000000823f6cb8,0x0000000087000000)
 Metaspace       used 68028K, capacity 71038K, committed 71320K, reserved 1110016K
  class space    used 9264K, capacity 9822K, committed 9904K, reserved 1048576K
}
Event: 49.313 GC heap before
{Heap before GC invocations=15 (full 3):
 PSYoungGen      total 330240K, used 330208K [0x00000000d5580000, 0x00000000f0280000, 0x0000000100000000)
  eden space 307200K, 100% used [0x00000000d5580000,0x00000000e8180000,0x00000000e8180000)
  from space 23040K, 99% used [0x00000000e8180000,0x00000000e97f8380,0x00000000e9800000)
  to   space 26624K, 0% used [0x00000000ee880000,0x00000000ee880000,0x00000000f0280000)
 ParOldGen       total 114688K, used 36827K [0x0000000080000000, 0x0000000087000000, 0x00000000d5580000)
  object space 114688K, 32% used [0x0000000080000000,0x00000000823f6cb8,0x0000000087000000)
 Metaspace       used 83921K, capacity 88594K, committed 88856K, reserved 1126400K
  class space    used 11415K, capacity 12321K, committed 12336K, reserved 1048576K
Event: 49.401 GC heap after
Heap after GC invocations=15 (full 3):
 PSYoungGen      total 399872K, used 26601K [0x00000000d5580000, 0x00000000f1500000, 0x0000000100000000)
  eden space 373248K, 0% used [0x00000000d5580000,0x00000000d5580000,0x00000000ec200000)
  from space 26624K, 99% used [0x00000000ee880000,0x00000000f027a4f0,0x00000000f0280000)
  to   space 39424K, 0% used [0x00000000ec200000,0x00000000ec200000,0x00000000ee880000)
 ParOldGen       total 114688K, used 60256K [0x0000000080000000, 0x0000000087000000, 0x00000000d5580000)
  object space 114688K, 52% used [0x0000000080000000,0x0000000083ad8028,0x0000000087000000)
 Metaspace       used 83921K, capacity 88594K, committed 88856K, reserved 1126400K
  class space    used 11415K, capacity 12321K, committed 12336K, reserved 1048576K
}

